<?xml version="1.0" encoding="UTF-8"?>
<!-- Generated by org.testng.reporters.JUnitXMLReporter -->
<testsuite hostname="DESKTOP-7769JJ2" ignored="1" name="Default test" tests="2" failures="0" timestamp="15 Nov 2021 04:32:54 GMT" time="8.494" errors="0">
  <testcase name="tc1" time="4.286" classname="org.dynamicwebtable.DynamicWebTable"/>
  <testcase name="tc2" time="4.168" classname="org.dynamicwebtable.DynamicWebTable"/>
  <testcase name="tc0" time="0.0" classname="org.dynamicwebtable.DynamicWebTable">
    <ignored/>
  </testcase> <!-- tc0 -->
</testsuite> <!-- Default test -->
